<?xml version="1.0" encoding="UTF-8"?>
<!-- Generated by org.testng.reporters.JUnitReportReporter -->
<testsuite hostname="LAPTOP-4V9B7M9M" failures="0" tests="1" name="PetStore.UpdatePhoto" time="4.536" errors="0" timestamp="2021-03-28T14:42:14 IST" skipped="0">
  <testcase classname="PetStore.UpdatePhoto" name="uploadPhoto" time="4.536"/>
  <system-out/>
</testsuite> <!-- PetStore.UpdatePhoto -->
