<?xml version="1.0" encoding="UTF-8"?>
<!-- Generated by org.testng.reporters.JUnitReportReporter -->
<testsuite hostname="LAPTOP-4V9B7M9M" failures="0" tests="1" name="userData.UserLogin" time="7.557" errors="0" timestamp="2021-03-28T16:49:02 IST" skipped="0">
  <testcase classname="userData.UserLogin" name="userLogin" time="7.557"/>
  <system-out/>
</testsuite> <!-- userData.UserLogin -->
