<?xml version="1.0" encoding="UTF-8"?>
<!-- Generated by org.testng.reporters.JUnitReportReporter -->
<testsuite hostname="LAPTOP-4V9B7M9M" failures="0" tests="1" name="PetStore.getPetStatus" time="5.439" errors="0" timestamp="2021-03-27T12:36:37 IST" skipped="0">
  <testcase classname="PetStore.getPetStatus" name="getStatus" time="5.439"/>
  <system-out/>
</testsuite> <!-- PetStore.getPetStatus -->
