<?xml version="1.0" encoding="UTF-8"?>
<!-- Generated by org.testng.reporters.JUnitReportReporter -->
<testsuite hostname="LAPTOP-4V9B7M9M" failures="0" tests="3" name="PetStore.AddNewPet" time="13.686" errors="0" timestamp="2021-03-24T10:38:37 IST" skipped="0">
  <testcase classname="PetStore.AddNewPet" name="addNewPet" time="10.713"/>
  <system-out/>
  <testcase classname="PetStore.AddNewPet" name="addNewPet" time="1.503"/>
  <system-out/>
  <testcase classname="PetStore.AddNewPet" name="addNewPet" time="1.470"/>
  <system-out/>
</testsuite> <!-- PetStore.AddNewPet -->
