<?xml version="1.0" encoding="UTF-8"?>
<!-- Generated by org.testng.reporters.JUnitReportReporter -->
<testsuite hostname="LAPTOP-4V9B7M9M" failures="0" tests="6" name="PetStore.AddNewPet" time="12.318" errors="0" timestamp="2021-03-27T12:35:47 IST" skipped="0">
  <testcase classname="PetStore.AddNewPet" name="addNewPet" time="1.441"/>
  <system-out/>
  <testcase classname="PetStore.AddNewPet" name="addNewPet" time="1.340"/>
  <system-out/>
  <testcase classname="PetStore.AddNewPet" name="addNewPet" time="1.382"/>
  <system-out/>
  <testcase classname="PetStore.AddNewPet" name="addNewPet" time="1.424"/>
  <system-out/>
  <testcase classname="PetStore.AddNewPet" name="addNewPet" time="5.323"/>
  <system-out/>
  <testcase classname="PetStore.AddNewPet" name="addNewPet" time="1.408"/>
  <system-out/>
</testsuite> <!-- PetStore.AddNewPet -->
