<?xml version="1.0" encoding="UTF-8"?>
<!-- Generated by org.testng.reporters.JUnitReportReporter -->
<testsuite hostname="LAPTOP-4V9B7M9M" failures="0" tests="6" name="PetStore.AddNewPet" time="21.368" errors="0" timestamp="2021-03-28T14:42:14 IST" skipped="0">
  <testcase classname="PetStore.AddNewPet" name="addNewPet" time="1.432"/>
  <system-out/>
  <testcase classname="PetStore.AddNewPet" name="addNewPet" time="1.430"/>
  <system-out/>
  <testcase classname="PetStore.AddNewPet" name="addNewPet" time="13.829"/>
  <system-out/>
  <testcase classname="PetStore.AddNewPet" name="addNewPet" time="1.627"/>
  <system-out/>
  <testcase classname="PetStore.AddNewPet" name="addNewPet" time="1.659"/>
  <system-out/>
  <testcase classname="PetStore.AddNewPet" name="addNewPet" time="1.391"/>
  <system-out/>
</testsuite> <!-- PetStore.AddNewPet -->
