<?xml version="1.0" encoding="UTF-8"?>
<!-- Generated by org.testng.reporters.JUnitReportReporter -->
<testsuite hostname="LAPTOP-4V9B7M9M" failures="0" tests="1" name="userData.GetUser" time="17.748" errors="0" timestamp="2021-03-28T16:35:44 IST" skipped="0">
  <testcase classname="userData.GetUser" name="getUser" time="17.748"/>
  <system-out/>
</testsuite> <!-- userData.GetUser -->
