<?xml version="1.0" encoding="UTF-8"?>
<!-- Generated by org.testng.reporters.JUnitReportReporter -->
<testsuite hostname="LAPTOP-4V9B7M9M" failures="0" tests="9" name="userData.AddUser" time="78.800" errors="0" timestamp="2021-03-28T15:25:52 IST" skipped="0">
  <testcase classname="userData.AddUser" name="addUser" time="8.672"/>
  <system-out/>
  <testcase classname="userData.AddUser" name="addUser" time="8.000"/>
  <system-out/>
  <testcase classname="userData.AddUser" name="addUser" time="7.895"/>
  <system-out/>
  <testcase classname="userData.AddUser" name="addUser" time="8.303"/>
  <system-out/>
  <testcase classname="userData.AddUser" name="addUser" time="8.545"/>
  <system-out/>
  <testcase classname="userData.AddUser" name="addUser" time="13.200"/>
  <system-out/>
  <testcase classname="userData.AddUser" name="addUser" time="8.043"/>
  <system-out/>
  <testcase classname="userData.AddUser" name="addUser" time="8.072"/>
  <system-out/>
  <testcase classname="userData.AddUser" name="addUser" time="8.070"/>
  <system-out/>
</testsuite> <!-- userData.AddUser -->
