<?xml version="1.0" encoding="UTF-8"?>
<!-- Generated by org.testng.reporters.JUnitReportReporter -->
<testsuite hostname="LAPTOP-4V9B7M9M" failures="0" tests="6" name="PetStore.updatePet" time="3.155" errors="0" timestamp="2021-03-28T14:42:14 IST" skipped="0">
  <testcase classname="PetStore.updatePet" name="updatePetdetails" time="0.001"/>
  <system-out/>
  <testcase classname="PetStore.updatePet" name="updatePetdetails" time="0.002"/>
  <system-out/>
  <testcase classname="PetStore.updatePet" name="updatePetdetails" time="0.001"/>
  <system-out/>
  <testcase classname="PetStore.updatePet" name="updatePetdetails" time="0.005"/>
  <system-out/>
  <testcase classname="PetStore.updatePet" name="updatePetdetails" time="0.001"/>
  <system-out/>
  <testcase classname="PetStore.updatePet" name="updatePetdetails" time="3.145"/>
  <system-out/>
</testsuite> <!-- PetStore.updatePet -->
