<?xml version="1.0" encoding="UTF-8"?>
<!-- Generated by org.testng.reporters.JUnitReportReporter -->
<testsuite hostname="LAPTOP-4V9B7M9M" failures="0" tests="1" name="PetStore.UpdatePhoto" time="6.629" errors="0" timestamp="2021-03-27T13:40:44 IST" skipped="0">
  <testcase classname="PetStore.UpdatePhoto" name="uploadPhoto" time="6.629"/>
  <system-out/>
</testsuite> <!-- PetStore.UpdatePhoto -->
