<?xml version="1.0" encoding="UTF-8"?>
<!-- Generated by org.testng.reporters.JUnitReportReporter -->
<testsuite hostname="LAPTOP-4V9B7M9M" failures="0" tests="1" name="userData.UserLogOut" time="6.977" errors="0" timestamp="2021-03-28T16:55:37 IST" skipped="0">
  <testcase classname="userData.UserLogOut" name="userLogout" time="6.977"/>
  <system-out/>
</testsuite> <!-- userData.UserLogOut -->
