<?xml version="1.0" encoding="UTF-8"?>
<!-- Generated by org.testng.reporters.JUnitReportReporter -->
<testsuite hostname="LAPTOP-4V9B7M9M" failures="0" tests="6" name="PetStore.updatePet" time="7.719" errors="0" timestamp="2021-03-27T12:36:58 IST" skipped="0">
  <testcase classname="PetStore.updatePet" name="updatePetdetails" time="0.003"/>
  <system-out/>
  <testcase classname="PetStore.updatePet" name="updatePetdetails" time="0.001"/>
  <system-out/>
  <testcase classname="PetStore.updatePet" name="updatePetdetails" time="0.004"/>
  <system-out/>
  <testcase classname="PetStore.updatePet" name="updatePetdetails" time="7.699"/>
  <system-out/>
  <testcase classname="PetStore.updatePet" name="updatePetdetails" time="0.011"/>
  <system-out/>
  <testcase classname="PetStore.updatePet" name="updatePetdetails" time="0.001"/>
  <system-out/>
</testsuite> <!-- PetStore.updatePet -->
